2026-01-30 01:36:11,765 [INFO] SYS|ROBOT_PROGRAM_START|1
2026-01-30 01:36:11,766 [INFO] SYS|MODE|0|->|1
2026-01-30 01:36:44,640 [INFO] PLN|STR|999|3|1769737004640
2026-01-30 01:36:44,641 [INFO] ORD|ADD|999|3|아메리카노(HOT)|1769737004640
2026-01-30 01:36:44,735 [INFO] TSK|STR|T1|110|HOME -> CUP (컵 배출)|999|아메리카노(HOT)
2026-01-30 01:37:12,210 [INFO] TSK|END|T1
2026-01-30 01:37:12,311 [INFO] TSK|STR|T2|117|온수기 접근|999|아메리카노(HOT)
2026-01-30 01:37:19,114 [INFO] DEV|hot_water
2026-01-30 01:37:19,667 [INFO] TSK|END|T2
2026-01-30 01:37:19,729 [INFO] DEV|sleep
2026-01-30 01:37:29,740 [INFO] TSK|STR|T3|118|온수기 완료|999|아메리카노(HOT)
2026-01-30 01:37:34,438 [INFO] TSK|END|T3
2026-01-30 01:37:34,470 [INFO] DEV|coffee
2026-01-30 01:37:34,480 [INFO] TSK|STR|T4|113|커피머신 접근|999|아메리카노(HOT)
2026-01-30 01:37:44,853 [INFO] TSK|END|T4
2026-01-30 01:37:44,894 [INFO] DEV|sleep
2026-01-30 01:38:34,932 [INFO] TSK|STR|T5|114|커피머신 완료|999|아메리카노(HOT)
2026-01-30 01:38:41,172 [INFO] DEV|rinse
2026-01-30 01:38:41,174 [INFO] TSK|END|T5
2026-01-30 01:38:41,211 [INFO] TSK|STR|T6|119|픽업대 접근|999|아메리카노(HOT)
2026-01-30 01:38:48,508 [INFO] TSK|END|T6
2026-01-30 01:38:48,549 [INFO] TSK|STR|T7|120|픽업대 서빙|999|아메리카노(HOT)
2026-01-30 01:39:08,865 [INFO] TSK|END|T7
2026-01-30 01:39:08,973 [INFO] TSK|STR|T8|123|홈 복귀|999|아메리카노(HOT)
2026-01-30 01:39:14,708 [INFO] TSK|END|T8
2026-01-30 01:39:14,757 [INFO] ORD|CMP|999|1769737004640
2026-01-30 01:39:54,808 [INFO] SYS|ROBOT_PROGRAM_STOP
2026-01-30 01:39:54,842 [INFO] SYS|ROBOT_PROGRAM_STOP
2026-01-30 01:39:54,856 [INFO] SYS|MODE|1|->|0
2026-01-30 01:48:02,260 [INFO] SYS|ROBOT_PROGRAM_START|1
2026-01-30 01:48:02,260 [INFO] SYS|MODE|0|->|1
2026-01-30 01:48:12,952 [INFO] PLN|STR|999|13|1769737692951
2026-01-30 01:48:12,953 [INFO] ORD|ADD|999|13|레몬티(HOT)|1769737692951
2026-01-30 01:48:13,025 [INFO] TSK|STR|T9|110|HOME -> CUP (컵 배출)|999|레몬티(HOT)
2026-01-30 01:48:33,298 [INFO] TSK|END|T9
2026-01-30 01:48:33,393 [INFO] TSK|STR|T10|117|온수기 접근|999|레몬티(HOT)
2026-01-30 01:48:37,608 [INFO] DEV|hot_water
2026-01-30 01:48:38,157 [INFO] TSK|END|T10
2026-01-30 01:48:38,205 [INFO] DEV|sleep
2026-01-30 01:48:48,215 [INFO] TSK|STR|T11|118|온수기 완료|999|레몬티(HOT)
2026-01-30 01:48:50,849 [INFO] TSK|END|T11
2026-01-30 01:48:50,934 [INFO] TSK|STR|T12|121|시럽 접근|999|레몬티(HOT)
2026-01-30 01:48:56,221 [INFO] DEV|syrup
2026-01-30 01:48:58,272 [INFO] TSK|END|T12
2026-01-30 01:48:58,347 [INFO] TSK|STR|T13|122|시럽 완료|999|레몬티(HOT)
2026-01-30 01:49:00,980 [INFO] TSK|END|T13
2026-01-30 01:49:01,055 [INFO] TSK|STR|T14|119|픽업대 접근|999|레몬티(HOT)
2026-01-30 01:49:05,766 [INFO] TSK|END|T14
2026-01-30 01:49:05,893 [INFO] TSK|STR|T15|120|픽업대 서빙|999|레몬티(HOT)
2026-01-30 01:49:16,879 [INFO] TSK|END|T15
2026-01-30 01:49:16,901 [INFO] TSK|STR|T16|123|홈 복귀|999|레몬티(HOT)
2026-01-30 01:49:20,050 [INFO] TSK|END|T16
2026-01-30 01:49:20,089 [INFO] ORD|CMP|999|1769737692951
2026-01-30 01:49:24,030 [INFO] ORD|ADD|999|13|레몬티(HOT)|1769737764030
2026-01-30 01:49:24,031 [INFO] PLN|STR|999|13|1769737764030
2026-01-30 01:49:24,111 [INFO] TSK|STR|T17|110|HOME -> CUP (컵 배출)|999|레몬티(HOT)
2026-01-30 01:49:40,438 [INFO] TSK|END|T17
2026-01-30 01:49:40,468 [INFO] TSK|STR|T18|117|온수기 접근|999|레몬티(HOT)
2026-01-30 01:49:44,657 [INFO] DEV|hot_water
2026-01-30 01:49:45,205 [INFO] TSK|END|T18
2026-01-30 01:49:45,280 [INFO] DEV|sleep
2026-01-30 01:49:55,291 [INFO] TSK|STR|T19|118|온수기 완료|999|레몬티(HOT)
2026-01-30 01:49:57,914 [INFO] TSK|END|T19
2026-01-30 01:49:58,011 [INFO] TSK|STR|T20|121|시럽 접근|999|레몬티(HOT)
2026-01-30 01:50:03,300 [INFO] DEV|syrup
2026-01-30 01:50:05,341 [INFO] TSK|END|T20
2026-01-30 01:50:05,428 [INFO] TSK|STR|T21|122|시럽 완료|999|레몬티(HOT)
2026-01-30 01:50:08,061 [INFO] TSK|END|T21
2026-01-30 01:50:08,133 [INFO] TSK|STR|T22|119|픽업대 접근|999|레몬티(HOT)
2026-01-30 01:50:12,870 [INFO] TSK|END|T22
2026-01-30 01:50:12,962 [INFO] TSK|STR|T23|120|픽업대 서빙|999|레몬티(HOT)
2026-01-30 01:50:23,930 [INFO] TSK|END|T23
2026-01-30 01:50:23,966 [INFO] TSK|STR|T24|123|홈 복귀|999|레몬티(HOT)
2026-01-30 01:50:27,119 [INFO] TSK|END|T24
2026-01-30 01:50:27,162 [INFO] ORD|CMP|999|1769737764030
2026-01-30 02:05:45,600 [INFO] SYS|MODE|0|->|0
2026-01-30 02:05:47,992 [INFO] SYS|ROBOT_PROGRAM_START|1
2026-01-30 02:05:47,992 [INFO] SYS|MODE|0|->|1
2026-01-30 02:05:49,985 [INFO] SYS|ROBOT_PROGRAM_STOP
2026-01-30 02:05:50,027 [INFO] SYS|ROBOT_PROGRAM_STOP
2026-01-30 02:05:50,039 [INFO] SYS|MODE|1|->|0
2026-01-30 02:05:51,499 [INFO] SYS|ROBOT_PROGRAM_START|1
2026-01-30 02:05:51,500 [INFO] SYS|MODE|0|->|1
2026-01-30 02:05:54,114 [INFO] PLN|STR|999|13|1769738754113
2026-01-30 02:05:54,115 [INFO] ORD|ADD|999|13|레몬티(HOT)|1769738754113
2026-01-30 02:05:54,141 [INFO] TSK|STR|T1|110|HOME -> CUP (컵 배출)|999|레몬티(HOT)
2026-01-30 02:06:10,480 [INFO] TSK|END|T1
2026-01-30 02:06:10,588 [INFO] TSK|STR|T2|117|온수기 접근|999|레몬티(HOT)
2026-01-30 02:06:14,782 [INFO] DEV|hot_water
2026-01-30 02:06:15,339 [INFO] TSK|END|T2
2026-01-30 02:06:15,399 [INFO] DEV|sleep
2026-01-30 02:06:25,410 [INFO] TSK|STR|T3|118|온수기 완료|999|레몬티(HOT)
2026-01-30 02:06:28,043 [INFO] TSK|END|T3
2026-01-30 02:06:28,138 [INFO] TSK|STR|T4|121|시럽 접근|999|레몬티(HOT)
2026-01-30 02:06:33,429 [INFO] DEV|syrup
2026-01-30 02:06:35,477 [INFO] TSK|END|T4
2026-01-30 02:06:35,547 [INFO] TSK|STR|T5|122|시럽 완료|999|레몬티(HOT)
2026-01-30 02:06:38,235 [INFO] TSK|END|T5
2026-01-30 02:06:38,256 [INFO] TSK|STR|T6|119|픽업대 접근|999|레몬티(HOT)
2026-01-30 02:06:42,970 [INFO] TSK|END|T6
2026-01-30 02:06:43,081 [INFO] TSK|STR|T7|120|픽업대 서빙|999|레몬티(HOT)
2026-01-30 02:06:53,014 [INFO] TSK|END|T7
2026-01-30 02:06:53,097 [INFO] TSK|STR|T8|123|홈 복귀|999|레몬티(HOT)
2026-01-30 02:06:56,259 [INFO] TSK|END|T8
2026-01-30 02:06:56,306 [INFO] ORD|CMP|999|1769738754113
2026-01-30 02:12:27,778 [INFO] SYS|ROBOT_PROGRAM_STOP
2026-01-30 02:12:27,825 [INFO] SYS|ROBOT_PROGRAM_STOP
2026-01-30 02:12:27,839 [INFO] SYS|MODE|1|->|0
2026-01-30 02:19:09,694 [INFO] SYS|ROBOT_PROGRAM_START|1
2026-01-30 02:19:09,694 [INFO] SYS|MODE|0|->|1
2026-01-30 02:19:11,393 [INFO] PLN|STR|999|13|1769739551393
2026-01-30 02:19:11,394 [INFO] ORD|ADD|999|13|레몬티(HOT)|1769739551393
2026-01-30 02:19:11,420 [INFO] TSK|STR|T1|110|HOME -> CUP (컵 배출)|999|레몬티(HOT)
2026-01-30 02:19:27,758 [INFO] TSK|END|T1
2026-01-30 02:19:27,861 [INFO] TSK|STR|T2|117|온수기 접근|999|레몬티(HOT)
2026-01-30 02:19:32,050 [INFO] DEV|hot_water
2026-01-30 02:19:32,606 [INFO] TSK|END|T2
2026-01-30 02:19:32,672 [INFO] DEV|sleep
2026-01-30 02:19:42,677 [INFO] TSK|STR|T3|118|온수기 완료|999|레몬티(HOT)
2026-01-30 02:19:45,312 [INFO] TSK|END|T3
2026-01-30 02:19:45,399 [INFO] TSK|STR|T4|121|시럽 접근|999|레몬티(HOT)
2026-01-30 02:19:50,695 [INFO] DEV|syrup
2026-01-30 02:19:52,745 [INFO] TSK|END|T4
2026-01-30 02:19:52,820 [INFO] TSK|STR|T5|122|시럽 완료|999|레몬티(HOT)
2026-01-30 02:19:55,460 [INFO] TSK|END|T5
2026-01-30 02:19:55,527 [INFO] TSK|STR|T6|119|픽업대 접근|999|레몬티(HOT)
2026-01-30 02:19:59,720 [INFO] TSK|END|T6
2026-01-30 02:20:09,838 [INFO] TSK|STR|T7|120|픽업대 서빙|999|레몬티(HOT)
2026-01-30 02:20:21,835 [INFO] TSK|END|T7
2026-01-30 02:20:21,881 [INFO] TSK|STR|T8|123|홈 복귀|999|레몬티(HOT)
2026-01-30 02:20:25,046 [INFO] TSK|END|T8
2026-01-30 02:20:25,089 [INFO] ORD|CMP|999|1769739551393
2026-01-30 02:20:32,305 [INFO] SYS|ROBOT_PROGRAM_STOP
2026-01-30 02:20:32,349 [INFO] SYS|ROBOT_PROGRAM_STOP
2026-01-30 02:20:32,363 [INFO] SYS|MODE|1|->|0
2026-01-30 02:47:54,494 [INFO] SYS|ROBOT_PROGRAM_START|1
2026-01-30 02:47:54,495 [INFO] SYS|MODE|0|->|1
2026-01-30 02:48:00,877 [INFO] PLN|STR|999|3|1769741280877
2026-01-30 02:48:00,878 [INFO] ORD|ADD|999|3|아메리카노(HOT)|1769741280877
2026-01-30 02:48:00,960 [INFO] TSK|STR|T9|110|HOME -> CUP (컵 배출)|999|아메리카노(HOT)
2026-01-30 02:48:04,278 [INFO] PLN|STR|999|13|1769741284274
2026-01-30 02:48:04,281 [INFO] ORD|ADD|999|13|레몬티(HOT)|1769741284274
2026-01-30 02:48:17,200 [INFO] TSK|END|T9
2026-01-30 02:48:17,223 [INFO] TSK|STR|T10|117|온수기 접근|999|아메리카노(HOT)
2026-01-30 02:48:21,414 [INFO] DEV|hot_water
2026-01-30 02:48:21,963 [INFO] TSK|END|T10
2026-01-30 02:48:22,031 [INFO] DEV|sleep
2026-01-30 02:48:32,042 [INFO] TSK|STR|T11|118|온수기 완료|999|아메리카노(HOT)
2026-01-30 02:48:34,677 [INFO] TSK|END|T11
2026-01-30 02:48:34,762 [INFO] DEV|coffee
2026-01-30 02:48:34,773 [INFO] TSK|STR|T12|115|커피머신 컵 거치 (병렬)|999|아메리카노(HOT)
2026-01-30 02:48:44,634 [INFO] PLN|STR|999|13|1769741284274
2026-01-30 02:48:44,636 [INFO] TSK|STR|T25|110|HOME -> CUP (컵 배출)|999|레몬티(HOT)
2026-01-30 02:48:58,994 [INFO] TSK|END|T25
2026-01-30 02:48:58,996 [INFO] TSK|STR|T26|117|온수기 접근|999|레몬티(HOT)
2026-01-30 02:49:03,178 [INFO] DEV|hot_water
2026-01-30 02:49:03,727 [INFO] TSK|END|T26
2026-01-30 02:49:03,729 [INFO] DEV|sleep
2026-01-30 02:49:13,734 [INFO] TSK|STR|T27|118|온수기 완료|999|레몬티(HOT)
2026-01-30 02:49:16,369 [INFO] TSK|END|T27
2026-01-30 02:49:16,371 [INFO] TSK|STR|T28|121|시럽 접근|999|레몬티(HOT)
2026-01-30 02:49:21,665 [INFO] DEV|syrup
2026-01-30 02:49:23,716 [INFO] TSK|END|T28
2026-01-30 02:49:23,717 [INFO] TSK|STR|T29|122|시럽 완료|999|레몬티(HOT)
2026-01-30 02:49:26,361 [INFO] TSK|END|T29
2026-01-30 02:49:26,363 [INFO] TSK|STR|T30|119|픽업대 접근|999|레몬티(HOT)
2026-01-30 02:49:31,069 [INFO] TSK|END|T30
2026-01-30 02:49:31,087 [INFO] TSK|STR|T31|120|픽업대 서빙|999|레몬티(HOT)
2026-01-30 02:49:42,070 [INFO] TSK|END|T31
2026-01-30 02:49:42,114 [INFO] ORD|CMP|999|1769741284274
2026-01-30 02:49:52,775 [INFO] TSK|PARALLEL_PICK|T12|116
2026-01-30 02:49:52,839 [INFO] TSK|STR|T14|119|픽업대 접근|999|아메리카노(HOT)
2026-01-30 02:49:57,028 [INFO] TSK|END|T14
2026-01-30 02:49:57,070 [INFO] TSK|STR|T15|120|픽업대 서빙|999|아메리카노(HOT)
2026-01-30 02:50:07,523 [INFO] TSK|END|T15
2026-01-30 02:50:07,573 [INFO] TSK|STR|T16|123|홈 복귀|999|아메리카노(HOT)
2026-01-30 02:50:10,731 [INFO] TSK|END|T16
2026-01-30 02:50:10,768 [INFO] ORD|CMP|999|1769741280877
2026-01-30 02:51:24,046 [INFO] SYS|ROBOT_PROGRAM_STOP
2026-01-30 02:51:24,092 [INFO] SYS|ROBOT_PROGRAM_STOP
2026-01-30 02:51:24,107 [INFO] SYS|MODE|1|->|0
2026-01-30 02:58:37,287 [INFO] SYS|ROBOT_PROGRAM_START|1
2026-01-30 02:58:37,287 [INFO] SYS|MODE|0|->|1
2026-01-30 02:58:38,378 [INFO] SYS|ROBOT_PROGRAM_STOP
2026-01-30 02:58:38,433 [INFO] SYS|ROBOT_PROGRAM_STOP
2026-01-30 02:58:38,447 [INFO] SYS|MODE|1|->|0
2026-01-30 03:06:08,092 [INFO] SYS|ROBOT_PROGRAM_START|1
2026-01-30 03:06:08,093 [INFO] SYS|MODE|0|->|1
2026-01-30 03:06:58,199 [INFO] PLN|STR|999|5|1769742418199
2026-01-30 03:06:58,200 [INFO] ORD|ADD|999|5|카페라떼(HOT)|1769742418199
2026-01-30 03:06:58,263 [INFO] TSK|STR|T1|110|HOME -> CUP (컵 배출)|999|카페라떼(HOT)
2026-01-30 03:07:14,622 [INFO] TSK|END|T1
2026-01-30 03:07:14,704 [INFO] TSK|STR|T2|113|커피머신 접근|999|카페라떼(HOT)
2026-01-30 03:07:18,120 [INFO] PLN|STR|999|13|1769742438119
2026-01-30 03:07:18,121 [INFO] ORD|ADD|999|13|레몬티(HOT)|1769742438119
2026-01-30 03:07:19,941 [INFO] DEV|coffee
2026-01-30 03:07:19,947 [INFO] TSK|END|T2
2026-01-30 03:07:20,021 [INFO] DEV|sleep
2026-01-30 03:08:35,070 [INFO] TSK|STR|T3|114|커피머신 완료|999|카페라떼(HOT)
2026-01-30 03:08:38,732 [INFO] DEV|rinse
2026-01-30 03:08:38,734 [INFO] TSK|END|T3
2026-01-30 03:08:38,792 [INFO] TSK|STR|T4|119|픽업대 접근|999|카페라떼(HOT)
2026-01-30 03:08:42,980 [INFO] TSK|END|T4
2026-01-30 03:08:43,026 [INFO] TSK|STR|T5|120|픽업대 서빙|999|카페라떼(HOT)
2026-01-30 03:08:54,019 [INFO] TSK|END|T5
2026-01-30 03:08:54,109 [INFO] ORD|CMP|999|1769742418199
2026-01-30 03:08:54,143 [INFO] TSK|STR|T7|110|HOME -> CUP (컵 배출)|999|레몬티(HOT)
2026-01-30 03:09:10,364 [INFO] TSK|END|T7
2026-01-30 03:09:10,403 [INFO] TSK|STR|T8|117|온수기 접근|999|레몬티(HOT)
2026-01-30 03:09:14,600 [INFO] DEV|hot_water
2026-01-30 03:09:15,155 [INFO] TSK|END|T8
2026-01-30 03:09:15,220 [INFO] DEV|sleep
2026-01-30 03:09:25,230 [INFO] TSK|STR|T9|118|온수기 완료|999|레몬티(HOT)
2026-01-30 03:09:27,860 [INFO] TSK|END|T9
2026-01-30 03:09:27,953 [INFO] TSK|STR|T10|121|시럽 접근|999|레몬티(HOT)
2026-01-30 03:09:33,256 [INFO] DEV|syrup
2026-01-30 03:09:35,307 [INFO] TSK|END|T10
2026-01-30 03:09:35,366 [INFO] TSK|STR|T11|122|시럽 완료|999|레몬티(HOT)
2026-01-30 03:09:38,001 [INFO] TSK|END|T11
2026-01-30 03:09:38,073 [INFO] TSK|STR|T12|119|픽업대 접근|999|레몬티(HOT)
2026-01-30 03:09:42,780 [INFO] TSK|END|T12
2026-01-30 03:09:42,901 [INFO] TSK|STR|T13|120|픽업대 서빙|999|레몬티(HOT)
2026-01-30 03:09:52,876 [INFO] TSK|END|T13
2026-01-30 03:09:52,907 [INFO] TSK|STR|T14|123|홈 복귀|999|레몬티(HOT)
2026-01-30 03:09:56,065 [INFO] TSK|END|T14
2026-01-30 03:09:56,107 [INFO] ORD|CMP|999|1769742438119
2026-01-30 03:12:28,442 [INFO] SYS|ROBOT_PROGRAM_STOP
2026-01-30 03:12:28,494 [INFO] SYS|ROBOT_PROGRAM_STOP
2026-01-30 03:12:28,508 [INFO] SYS|MODE|1|->|0
2026-01-30 03:12:35,218 [INFO] SYS|MODE|0|->|0
2026-01-30 04:25:01,843 [INFO] SYS|ROBOT_PROGRAM_START|1
2026-01-30 04:25:01,843 [INFO] SYS|MODE|0|->|1
2026-01-30 04:25:06,053 [INFO] PLN|STR|999|17|1769747106053
2026-01-30 04:25:06,054 [INFO] ORD|ADD|999|17|허니자몽블랙티(HOT)|1769747106053
2026-01-30 04:25:06,133 [INFO] TSK|STR|T15|110|HOME -> CUP (컵 배출)|999|허니자몽블랙티(HOT)
2026-01-30 04:25:22,518 [INFO] TSK|END|T15
2026-01-30 04:25:22,575 [INFO] TSK|STR|T16|117|온수기 접근|999|허니자몽블랙티(HOT)
2026-01-30 04:25:26,780 [INFO] DEV|hot_water
2026-01-30 04:25:27,330 [INFO] TSK|END|T16
2026-01-30 04:25:27,383 [INFO] DEV|sleep
2026-01-30 04:25:37,394 [INFO] TSK|STR|T17|118|온수기 완료|999|허니자몽블랙티(HOT)
2026-01-30 04:25:40,020 [INFO] TSK|END|T17
2026-01-30 04:25:40,117 [INFO] TSK|STR|T18|121|시럽 접근|999|허니자몽블랙티(HOT)
2026-01-30 04:25:45,398 [INFO] DEV|syrup
2026-01-30 04:25:46,448 [INFO] TSK|END|T18
2026-01-30 04:25:46,525 [INFO] TSK|STR|T19|122|시럽 완료|999|허니자몽블랙티(HOT)
2026-01-30 04:25:49,181 [INFO] TSK|END|T19
2026-01-30 04:25:49,233 [INFO] TSK|STR|T20|119|픽업대 접근|999|허니자몽블랙티(HOT)
2026-01-30 04:25:53,939 [INFO] TSK|END|T20
2026-01-30 04:25:54,060 [INFO] TSK|STR|T21|120|픽업대 서빙|999|허니자몽블랙티(HOT)
2026-01-30 04:26:05,026 [INFO] TSK|END|T21
2026-01-30 04:26:05,064 [INFO] TSK|STR|T22|123|홈 복귀|999|허니자몽블랙티(HOT)
2026-01-30 04:26:08,213 [INFO] TSK|END|T22
2026-01-30 04:26:08,250 [INFO] ORD|CMP|999|1769747106053
2026-01-30 04:26:40,454 [INFO] SYS|ROBOT_PROGRAM_STOP
2026-01-30 04:26:40,510 [INFO] SYS|ROBOT_PROGRAM_STOP
2026-01-30 04:26:40,523 [INFO] SYS|MODE|1|->|0
2026-01-30 04:42:15,882 [INFO] SYS|ROBOT_PROGRAM_START|1
2026-01-30 04:42:15,883 [INFO] SYS|MODE|0|->|1
2026-01-30 04:42:55,149 [INFO] PLN|STR|999|6|1769748175149
2026-01-30 04:42:55,150 [INFO] ORD|ADD|999|6|카페라떼(ICE)|1769748175149
2026-01-30 04:42:55,209 [INFO] TSK|STR|T23|110|HOME -> CUP (컵 배출)|999|카페라떼(ICE)
2026-01-30 04:43:11,489 [INFO] TSK|END|T23
2026-01-30 04:43:11,556 [INFO] TSK|STR|T24|111|제빙기 접근 (얼음/물/탄산수)|999|카페라떼(ICE)
2026-01-30 04:43:14,197 [INFO] DEV|ice_water_sparkling
2026-01-30 04:43:15,252 [INFO] TSK|END|T24
2026-01-30 04:43:15,271 [INFO] DEV|sleep
2026-01-30 04:43:16,873 [INFO] TSK|STR|T25|112|제빙기 완료|999|카페라떼(ICE)
2026-01-30 04:43:18,492 [INFO] TSK|END|T25
2026-01-30 04:43:18,578 [INFO] TSK|STR|T26|113|커피머신 접근|999|카페라떼(ICE)
2026-01-30 04:43:23,267 [INFO] DEV|coffee
2026-01-30 04:43:23,270 [INFO] TSK|END|T26
2026-01-30 04:43:23,299 [INFO] DEV|sleep
2026-01-30 04:44:30,363 [INFO] TSK|STR|T27|114|커피머신 완료|999|카페라떼(ICE)
2026-01-30 04:44:34,021 [INFO] DEV|rinse
2026-01-30 04:44:34,023 [INFO] TSK|END|T27
2026-01-30 04:44:34,113 [INFO] TSK|STR|T28|119|픽업대 접근|999|카페라떼(ICE)
2026-01-30 04:44:38,309 [INFO] TSK|END|T28
2026-01-30 04:44:38,345 [INFO] TSK|STR|T29|120|픽업대 서빙|999|카페라떼(ICE)
2026-01-30 04:44:49,296 [INFO] TSK|END|T29
2026-01-30 04:44:49,352 [INFO] TSK|STR|T30|123|홈 복귀|999|카페라떼(ICE)
2026-01-30 04:44:52,515 [INFO] TSK|END|T30
2026-01-30 04:44:52,552 [INFO] ORD|CMP|999|1769748175149
2026-01-30 04:48:15,316 [INFO] PLN|STR|999|5|1769748495316
2026-01-30 04:48:15,317 [INFO] ORD|ADD|999|5|카페라떼(HOT)|1769748495316
2026-01-30 04:48:15,418 [INFO] TSK|STR|T31|110|HOME -> CUP (컵 배출)|999|카페라떼(HOT)
2026-01-30 04:48:17,909 [INFO] PLN|STR|999|13|1769748497908
2026-01-30 04:48:17,909 [INFO] ORD|ADD|999|13|레몬티(HOT)|1769748497908
2026-01-30 04:48:31,769 [INFO] TSK|END|T31
2026-01-30 04:48:31,788 [INFO] TSK|STR|T32|115|커피머신 컵 거치 (병렬)|999|카페라떼(HOT)
2026-01-30 04:48:41,167 [INFO] DEV|coffee
2026-01-30 04:48:41,172 [INFO] PLN|STR|999|13|1769748497908
2026-01-30 04:48:41,174 [INFO] TSK|STR|T45|110|HOME -> CUP (컵 배출)|999|레몬티(HOT)
2026-01-30 04:48:55,493 [INFO] TSK|END|T45
2026-01-30 04:48:55,495 [INFO] TSK|STR|T46|117|온수기 접근|999|레몬티(HOT)
2026-01-30 04:48:59,686 [INFO] DEV|hot_water
2026-01-30 04:49:00,235 [INFO] TSK|END|T46
2026-01-30 04:49:00,237 [INFO] DEV|sleep
2026-01-30 04:49:10,248 [INFO] TSK|STR|T47|118|온수기 완료|999|레몬티(HOT)
2026-01-30 04:49:12,872 [INFO] TSK|END|T47
2026-01-30 04:49:12,875 [INFO] TSK|STR|T48|121|시럽 접근|999|레몬티(HOT)
2026-01-30 04:49:18,163 [INFO] DEV|syrup
2026-01-30 04:49:20,215 [INFO] TSK|END|T48
2026-01-30 04:49:20,217 [INFO] TSK|STR|T49|122|시럽 완료|999|레몬티(HOT)
2026-01-30 04:49:22,852 [INFO] TSK|END|T49
2026-01-30 04:49:22,854 [INFO] TSK|STR|T50|119|픽업대 접근|999|레몬티(HOT)
2026-01-30 04:49:27,552 [INFO] TSK|END|T50
2026-01-30 04:49:27,570 [INFO] TSK|STR|T51|120|픽업대 서빙|999|레몬티(HOT)
2026-01-30 04:49:37,498 [INFO] TSK|END|T51
2026-01-30 04:49:37,525 [INFO] ORD|CMP|999|1769748497908
2026-01-30 04:49:48,177 [INFO] TSK|PARALLEL_PICK|T32|116
2026-01-30 04:49:48,253 [INFO] TSK|STR|T34|119|픽업대 접근|999|카페라떼(HOT)
2026-01-30 04:49:52,441 [INFO] TSK|END|T34
2026-01-30 04:49:52,484 [INFO] TSK|STR|T35|120|픽업대 서빙|999|카페라떼(HOT)
2026-01-30 04:50:02,935 [INFO] TSK|END|T35
2026-01-30 04:50:02,987 [INFO] TSK|STR|T36|123|홈 복귀|999|카페라떼(HOT)
2026-01-30 04:50:06,148 [INFO] TSK|END|T36
2026-01-30 04:50:06,190 [INFO] ORD|CMP|999|1769748495316
2026-01-30 04:50:43,882 [INFO] PLN|STR|999|3|1769748643882
2026-01-30 04:50:43,883 [INFO] ORD|ADD|999|3|아메리카노(HOT)|1769748643882
2026-01-30 04:50:43,966 [INFO] TSK|STR|T53|110|HOME -> CUP (컵 배출)|999|아메리카노(HOT)
2026-01-30 04:50:44,269 [INFO] PLN|STR|999|3|1769748644269
2026-01-30 04:50:44,270 [INFO] ORD|ADD|999|3|아메리카노(HOT)|1769748644269
2026-01-30 04:51:00,253 [INFO] TSK|END|T53
2026-01-30 04:51:00,322 [INFO] TSK|STR|T54|117|온수기 접근|999|아메리카노(HOT)
2026-01-30 04:51:04,514 [INFO] DEV|hot_water
2026-01-30 04:51:05,063 [INFO] TSK|END|T54
2026-01-30 04:51:05,135 [INFO] DEV|sleep
2026-01-30 04:51:15,145 [INFO] TSK|STR|T55|118|온수기 완료|999|아메리카노(HOT)
2026-01-30 04:51:17,782 [INFO] TSK|END|T55
2026-01-30 04:51:17,870 [INFO] DEV|coffee
2026-01-30 04:51:17,882 [INFO] TSK|STR|T56|113|커피머신 접근|999|아메리카노(HOT)
2026-01-30 04:51:23,624 [INFO] TSK|END|T56
2026-01-30 04:51:23,683 [INFO] DEV|sleep
2026-01-30 04:51:53,700 [INFO] TSK|STR|T57|114|커피머신 완료|999|아메리카노(HOT)
2026-01-30 04:51:57,372 [INFO] DEV|rinse
2026-01-30 04:51:57,373 [INFO] TSK|END|T57
2026-01-30 04:51:57,455 [INFO] TSK|STR|T58|119|픽업대 접근|999|아메리카노(HOT)
2026-01-30 04:52:01,662 [INFO] TSK|END|T58
2026-01-30 04:52:01,792 [INFO] TSK|STR|T59|120|픽업대 서빙|999|아메리카노(HOT)
2026-01-30 04:52:12,774 [INFO] TSK|END|T59
2026-01-30 04:52:12,858 [INFO] ORD|CMP|999|1769748643882
2026-01-30 04:52:12,901 [INFO] TSK|STR|T61|110|HOME -> CUP (컵 배출)|999|아메리카노(HOT)
2026-01-30 04:52:29,058 [INFO] TSK|END|T61
2026-01-30 04:52:29,147 [INFO] TSK|STR|T62|117|온수기 접근|999|아메리카노(HOT)
2026-01-30 04:52:33,363 [INFO] DEV|hot_water
2026-01-30 04:52:33,914 [INFO] TSK|END|T62
2026-01-30 04:52:33,958 [INFO] DEV|sleep
2026-01-30 04:52:43,969 [INFO] TSK|STR|T63|118|온수기 완료|999|아메리카노(HOT)
2026-01-30 04:52:46,646 [INFO] TSK|END|T63
2026-01-30 04:52:46,691 [INFO] DEV|coffee
2026-01-30 04:52:46,702 [INFO] TSK|STR|T64|113|커피머신 접근|999|아메리카노(HOT)
2026-01-30 04:52:52,449 [INFO] TSK|END|T64
2026-01-30 04:52:52,508 [INFO] DEV|sleep
2026-01-30 04:53:22,518 [INFO] TSK|STR|T65|114|커피머신 완료|999|아메리카노(HOT)
2026-01-30 04:53:26,173 [INFO] DEV|rinse
2026-01-30 04:53:26,175 [INFO] TSK|END|T65
2026-01-30 04:53:26,195 [INFO] TSK|STR|T66|119|픽업대 접근|999|아메리카노(HOT)
2026-01-30 04:53:30,404 [INFO] TSK|END|T66
2026-01-30 04:53:30,526 [INFO] TSK|STR|T67|120|픽업대 서빙|999|아메리카노(HOT)
2026-01-30 04:53:40,465 [INFO] TSK|END|T67
2026-01-30 04:53:40,539 [INFO] TSK|STR|T68|123|홈 복귀|999|아메리카노(HOT)
2026-01-30 04:53:43,690 [INFO] TSK|END|T68
2026-01-30 04:53:43,732 [INFO] ORD|CMP|999|1769748644269
2026-01-30 05:06:19,799 [INFO] SYS|ROBOT_PROGRAM_STOP
2026-01-30 05:06:19,851 [INFO] SYS|ROBOT_PROGRAM_STOP
2026-01-30 05:06:19,864 [INFO] SYS|MODE|1|->|0
